#
# A fatal error has been detected by the Java Runtime Environment:
#
#  Internal Error (constantPool.cpp:1351), pid=3784, tid=11256
#  Error: ShouldNotReachHere()
#
# JRE version: Java(TM) SE Runtime Environment (8.0_05-b13) (build 1.8.0_05-b13)
# Java VM: Java HotSpot(TM) 64-Bit Server VM (25.5-b02 mixed mode windows-amd64 compressed oops)
# Failed to write core dump. Minidumps are not enabled by default on client versions of Windows
#
# If you would like to submit a bug report, please visit:
#   http://bugreport.sun.com/bugreport/crash.jsp
#

---------------  T H R E A D  ---------------

Current thread (0x00000000198de000):  JavaThread "JDWP Transport Listener: dt_socket" daemon [_thread_in_vm, id=11256, stack(0x000000001af30000,0x000000001b030000)]

Stack: [0x000000001af30000,0x000000001b030000]
Native frames: (J=compiled Java code, j=interpreted, Vv=VM code, C=native code)
V  [jvm.dll+0x308dea]
V  [jvm.dll+0x25def1]
V  [jvm.dll+0x25eb0f]
V  [jvm.dll+0x256612]
V  [jvm.dll+0xe651b]
V  [jvm.dll+0x1b1612]
V  [jvm.dll+0x1b41ca]
V  [jvm.dll+0x1b51cb]
V  [jvm.dll+0x1b5af2]
V  [jvm.dll+0x228720]
V  [jvm.dll+0x18dde1]
V  [jvm.dll+0x321294]
C  [jdwp.dll+0x9e6b]
C  [jdwp.dll+0xf09c]
C  [jdwp.dll+0x1f2c9]
C  [jdwp.dll+0x1f49e]
V  [jvm.dll+0x1a7128]
V  [jvm.dll+0x2232c4]
V  [jvm.dll+0x27baca]
C  [msvcr100.dll+0x21d9f]
C  [msvcr100.dll+0x21e3b]
C  [KERNEL32.DLL+0x11fe4]
C  [ntdll.dll+0x6efc1]


---------------  P R O C E S S  ---------------

Java Threads: ( => current thread )
  0x000000001b9e3000 JavaThread "Thread-2" daemon [_thread_in_native, id=7068, stack(0x0000000023aa0000,0x0000000023ba0000)]
  0x000000001992e800 JavaThread "Service Thread" daemon [_thread_blocked, id=13836, stack(0x000000001bc90000,0x000000001bd90000)]
  0x000000001b7b0800 JavaThread "C1 CompilerThread2" daemon [_thread_blocked, id=4352, stack(0x000000001bb90000,0x000000001bc90000)]
  0x0000000019908000 JavaThread "C2 CompilerThread1" daemon [_thread_blocked, id=3332, stack(0x000000001b690000,0x000000001b790000)]
  0x00000000198f1000 JavaThread "C2 CompilerThread0" daemon [_thread_blocked, id=5956, stack(0x000000001b590000,0x000000001b690000)]
  0x00000000198e6000 JavaThread "JDWP Command Reader" daemon [_thread_in_native, id=12116, stack(0x000000001b490000,0x000000001b590000)]
  0x00000000198e1800 JavaThread "JDWP Event Helper Thread" daemon [_thread_blocked, id=13132, stack(0x000000001b390000,0x000000001b490000)]
=>0x00000000198de000 JavaThread "JDWP Transport Listener: dt_socket" daemon [_thread_in_vm, id=11256, stack(0x000000001af30000,0x000000001b030000)]
  0x00000000198cc800 JavaThread "Attach Listener" daemon [_thread_blocked, id=12832, stack(0x000000001ae30000,0x000000001af30000)]
  0x00000000198ca800 JavaThread "Signal Dispatcher" daemon [_thread_blocked, id=13096, stack(0x000000001ad30000,0x000000001ae30000)]
  0x0000000019898000 JavaThread "Finalizer" daemon [_thread_blocked, id=8952, stack(0x000000001ab30000,0x000000001ac30000)]
  0x0000000019897800 JavaThread "Reference Handler" daemon [_thread_blocked, id=4032, stack(0x000000001aa30000,0x000000001ab30000)]
  0x0000000004c32800 JavaThread "main" [_thread_blocked, id=12948, stack(0x0000000004b30000,0x0000000004c30000)]

Other Threads:
  0x0000000019896000 VMThread [stack: 0x000000001a930000,0x000000001aa30000] [id=1196]
  0x000000001b7ba800 WatcherThread [stack: 0x000000001bd90000,0x000000001be90000] [id=16196]

VM state:not at safepoint (normal execution)

VM Mutex/Monitor currently owned by a thread: None

Heap:
 PSYoungGen      total 5632K, used 1527K [0x00000000d5a00000, 0x00000000d6100000, 0x0000000100000000)
  eden space 4096K, 4% used [0x00000000d5a00000,0x00000000d5a2bfc0,0x00000000d5e00000)
  from space 1536K, 87% used [0x00000000d5f80000,0x00000000d60d1c58,0x00000000d6100000)
  to   space 1536K, 0% used [0x00000000d5e00000,0x00000000d5e00000,0x00000000d5f80000)
 ParOldGen       total 129536K, used 1233K [0x0000000080e00000, 0x0000000088c80000, 0x00000000d5a00000)
  object space 129536K, 0% used [0x0000000080e00000,0x0000000080f347e8,0x0000000088c80000)
 Metaspace       used 5809K, capacity 6421K, committed 6528K, reserved 1056768K
  class space    used 560K, capacity 595K, committed 640K, reserved 1048576K

Card table byte_map: [0x00000000140f0000,0x00000000144f0000] byte_map_base: 0x0000000013ce9000

Marking Bits: (ParMarkBitMap*) 0x000000005e0c13b0
 Begin Bits: [0x0000000014ba0000, 0x0000000016b68000)
 End Bits:   [0x0000000016b68000, 0x0000000018b30000)

Polling page: 0x0000000002ea0000

CodeCache: size=245760Kb used=2179Kb max_used=2179Kb free=243580Kb
 bounds [0x0000000004d30000, 0x0000000004fa0000, 0x0000000013d30000]
 total_blobs=853 nmethods=464 adapters=311
 compilation: enabled

Compilation events (10 events):
Event: 1.539 Thread 0x000000001b7b0800  461       3       java.lang.ref.ReferenceQueue::reallyPoll (66 bytes)
Event: 1.539 Thread 0x000000001b7b0800 nmethod 461 0x0000000004f4ef50 code [0x0000000004f4f0c0, 0x0000000004f4f510]
Event: 1.539 Thread 0x000000001b7b0800  460   !   3       java.lang.ref.ReferenceQueue::enqueue (119 bytes)
Event: 1.539 Thread 0x000000001b7b0800 nmethod 460 0x0000000004f4e3d0 code [0x0000000004f4e580, 0x0000000004f4ed48]
Event: 1.539 Thread 0x000000001b7b0800  462       3       java.lang.ref.Finalizer::access$000 (4 bytes)
Event: 1.539 Thread 0x000000001b7b0800 nmethod 462 0x0000000004f4e0d0 code [0x0000000004f4e220, 0x0000000004f4e350]
Event: 1.539 Thread 0x000000001b7b0800  463       3       java.lang.ref.ReferenceQueue::remove (6 bytes)
Event: 1.539 Thread 0x000000001b7b0800 nmethod 463 0x0000000004f4dd10 code [0x0000000004f4de80, 0x0000000004f4e028]
Event: 1.539 Thread 0x000000001b7b0800  464   !   3       java.lang.ref.ReferenceQueue::remove (80 bytes)
Event: 1.540 Thread 0x000000001b7b0800 nmethod 464 0x0000000004f51090 code [0x0000000004f51260, 0x0000000004f51998]

GC Heap History (10 events):
Event: 0.622 GC heap before
{Heap before GC invocations=4 (full 0):
 PSYoungGen      total 1024K, used 1008K [0x00000000d5a00000, 0x00000000d5c00000, 0x0000000100000000)
  eden space 512K, 100% used [0x00000000d5a00000,0x00000000d5a80000,0x00000000d5a80000)
  from space 512K, 96% used [0x00000000d5a80000,0x00000000d5afc010,0x00000000d5b00000)
  to   space 512K, 0% used [0x00000000d5b80000,0x00000000d5b80000,0x00000000d5c00000)
 ParOldGen       total 129536K, used 222K [0x0000000080e00000, 0x0000000088c80000, 0x00000000d5a00000)
  object space 129536K, 0% used [0x0000000080e00000,0x0000000080e37810,0x0000000088c80000)
 Metaspace       used 3427K, capacity 4856K, committed 5120K, reserved 1056768K
  class space    used 361K, capacity 424K, committed 512K, reserved 1048576K
Event: 0.626 GC heap after
Heap after GC invocations=4 (full 0):
 PSYoungGen      total 1536K, used 512K [0x00000000d5a00000, 0x00000000d5c00000, 0x0000000100000000)
  eden space 1024K, 0% used [0x00000000d5a00000,0x00000000d5a00000,0x00000000d5b00000)
  from space 512K, 100% used [0x00000000d5b80000,0x00000000d5c00000,0x00000000d5c00000)
  to   space 512K, 0% used [0x00000000d5b00000,0x00000000d5b00000,0x00000000d5b80000)
 ParOldGen       total 129536K, used 340K [0x0000000080e00000, 0x0000000088c80000, 0x00000000d5a00000)
  object space 129536K, 0% used [0x0000000080e00000,0x0000000080e553c8,0x0000000088c80000)
 Metaspace       used 3427K, capacity 4856K, committed 5120K, reserved 1056768K
  class space    used 361K, capacity 424K, committed 512K, reserved 1048576K
}
Event: 0.984 GC heap before
{Heap before GC invocations=5 (full 0):
 PSYoungGen      total 1536K, used 1536K [0x00000000d5a00000, 0x00000000d5c00000, 0x0000000100000000)
  eden space 1024K, 100% used [0x00000000d5a00000,0x00000000d5b00000,0x00000000d5b00000)
  from space 512K, 100% used [0x00000000d5b80000,0x00000000d5c00000,0x00000000d5c00000)
  to   space 512K, 0% used [0x00000000d5b00000,0x00000000d5b00000,0x00000000d5b80000)
 ParOldGen       total 129536K, used 340K [0x0000000080e00000, 0x0000000088c80000, 0x00000000d5a00000)
  object space 129536K, 0% used [0x0000000080e00000,0x0000000080e553c8,0x0000000088c80000)
 Metaspace       used 4048K, capacity 5056K, committed 5120K, reserved 1056768K
  class space    used 448K, capacity 496K, committed 512K, reserved 1048576K
Event: 0.985 GC heap after
Heap after GC invocations=5 (full 0):
 PSYoungGen      total 1536K, used 496K [0x00000000d5a00000, 0x00000000d5e00000, 0x0000000100000000)
  eden space 1024K, 0% used [0x00000000d5a00000,0x00000000d5a00000,0x00000000d5b00000)
  from space 512K, 96% used [0x00000000d5b00000,0x00000000d5b7c010,0x00000000d5b80000)
  to   space 1024K, 0% used [0x00000000d5d00000,0x00000000d5d00000,0x00000000d5e00000)
 ParOldGen       total 129536K, used 741K [0x0000000080e00000, 0x0000000088c80000, 0x00000000d5a00000)
  object space 129536K, 0% used [0x0000000080e00000,0x0000000080eb9778,0x0000000088c80000)
 Metaspace       used 4048K, capacity 5056K, committed 5120K, reserved 1056768K
  class space    used 448K, capacity 496K, committed 512K, reserved 1048576K
}
Event: 1.076 GC heap before
{Heap before GC invocations=6 (full 0):
 PSYoungGen      total 1536K, used 1493K [0x00000000d5a00000, 0x00000000d5e00000, 0x0000000100000000)
  eden space 1024K, 97% used [0x00000000d5a00000,0x00000000d5af9680,0x00000000d5b00000)
  from space 512K, 96% used [0x00000000d5b00000,0x00000000d5b7c010,0x00000000d5b80000)
  to   space 1024K, 0% used [0x00000000d5d00000,0x00000000d5d00000,0x00000000d5e00000)
 ParOldGen       total 129536K, used 741K [0x0000000080e00000, 0x0000000088c80000, 0x00000000d5a00000)
  object space 129536K, 0% used [0x0000000080e00000,0x0000000080eb9778,0x0000000088c80000)
 Metaspace       used 4642K, capacity 5603K, committed 5632K, reserved 1056768K
  class space    used 460K, capacity 496K, committed 512K, reserved 1048576K
Event: 1.077 GC heap after
Heap after GC invocations=6 (full 0):
 PSYoungGen      total 3072K, used 720K [0x00000000d5a00000, 0x00000000d5e00000, 0x0000000100000000)
  eden space 2048K, 0% used [0x00000000d5a00000,0x00000000d5a00000,0x00000000d5c00000)
  from space 1024K, 70% used [0x00000000d5d00000,0x00000000d5db4010,0x00000000d5e00000)
  to   space 1024K, 0% used [0x00000000d5c00000,0x00000000d5c00000,0x00000000d5d00000)
 ParOldGen       total 129536K, used 741K [0x0000000080e00000, 0x0000000088c80000, 0x00000000d5a00000)
  object space 129536K, 0% used [0x0000000080e00000,0x0000000080eb9778,0x0000000088c80000)
 Metaspace       used 4642K, capacity 5603K, committed 5632K, reserved 1056768K
  class space    used 460K, capacity 496K, committed 512K, reserved 1048576K
}
Event: 1.188 GC heap before
{Heap before GC invocations=7 (full 0):
 PSYoungGen      total 3072K, used 2768K [0x00000000d5a00000, 0x00000000d5e00000, 0x0000000100000000)
  eden space 2048K, 100% used [0x00000000d5a00000,0x00000000d5c00000,0x00000000d5c00000)
  from space 1024K, 70% used [0x00000000d5d00000,0x00000000d5db4010,0x00000000d5e00000)
  to   space 1024K, 0% used [0x00000000d5c00000,0x00000000d5c00000,0x00000000d5d00000)
 ParOldGen       total 129536K, used 741K [0x0000000080e00000, 0x0000000088c80000, 0x00000000d5a00000)
  object space 129536K, 0% used [0x0000000080e00000,0x0000000080eb9778,0x0000000088c80000)
 Metaspace       used 5261K, capacity 5955K, committed 6272K, reserved 1056768K
  class space    used 503K, capacity 528K, committed 640K, reserved 1048576K
Event: 1.190 GC heap after
Heap after GC invocations=7 (full 0):
 PSYoungGen      total 3072K, used 996K [0x00000000d5a00000, 0x00000000d6100000, 0x0000000100000000)
  eden space 2048K, 0% used [0x00000000d5a00000,0x00000000d5a00000,0x00000000d5c00000)
  from space 1024K, 97% used [0x00000000d5c00000,0x00000000d5cf9398,0x00000000d5d00000)
  to   space 1536K, 0% used [0x00000000d5f80000,0x00000000d5f80000,0x00000000d6100000)
 ParOldGen       total 129536K, used 1177K [0x0000000080e00000, 0x0000000088c80000, 0x00000000d5a00000)
  object space 129536K, 0% used [0x0000000080e00000,0x0000000080f267d8,0x0000000088c80000)
 Metaspace       used 5261K, capacity 5955K, committed 6272K, reserved 1056768K
  class space    used 503K, capacity 528K, committed 640K, reserved 1048576K
}
Event: 1.536 GC heap before
{Heap before GC invocations=8 (full 0):
 PSYoungGen      total 3072K, used 3044K [0x00000000d5a00000, 0x00000000d6100000, 0x0000000100000000)
  eden space 2048K, 100% used [0x00000000d5a00000,0x00000000d5c00000,0x00000000d5c00000)
  from space 1024K, 97% used [0x00000000d5c00000,0x00000000d5cf9398,0x00000000d5d00000)
  to   space 1536K, 0% used [0x00000000d5f80000,0x00000000d5f80000,0x00000000d6100000)
 ParOldGen       total 129536K, used 1177K [0x0000000080e00000, 0x0000000088c80000, 0x00000000d5a00000)
  object space 129536K, 0% used [0x0000000080e00000,0x0000000080f267d8,0x0000000088c80000)
 Metaspace       used 5753K, capacity 6357K, committed 6528K, reserved 1056768K
  class space    used 557K, capacity 595K, committed 640K, reserved 1048576K
Event: 1.538 GC heap after
Heap after GC invocations=8 (full 0):
 PSYoungGen      total 5632K, used 1351K [0x00000000d5a00000, 0x00000000d6100000, 0x0000000100000000)
  eden space 4096K, 0% used [0x00000000d5a00000,0x00000000d5a00000,0x00000000d5e00000)
  from space 1536K, 87% used [0x00000000d5f80000,0x00000000d60d1c58,0x00000000d6100000)
  to   space 1536K, 0% used [0x00000000d5e00000,0x00000000d5e00000,0x00000000d5f80000)
 ParOldGen       total 129536K, used 1233K [0x0000000080e00000, 0x0000000088c80000, 0x00000000d5a00000)
  object space 129536K, 0% used [0x0000000080e00000,0x0000000080f347e8,0x0000000088c80000)
 Metaspace       used 5753K, capacity 6357K, committed 6528K, reserved 1056768K
  class space    used 557K, capacity 595K, committed 640K, reserved 1048576K
}

Deoptimization events (0 events):
No events

Internal exceptions (10 events):
Event: 1.487 Thread 0x0000000004c32800 Exception <a 'java/security/PrivilegedActionException'> (0x00000000d5bdf578) thrown at [D:\re\workspace\8-2-build-windows-amd64-cygwin\jdk8u5\2488\hotspot\src\share\vm\prims\jvm.cpp, line 1248]
Event: 1.487 Thread 0x0000000004c32800 Exception <a 'java/security/PrivilegedActionException'> (0x00000000d5be0780) thrown at [D:\re\workspace\8-2-build-windows-amd64-cygwin\jdk8u5\2488\hotspot\src\share\vm\prims\jvm.cpp, line 1248]
Event: 1.487 Thread 0x0000000004c32800 Exception <a 'java/lang/NoClassDefFoundError': app/BodyNames> (0x00000000d5be0980) thrown at [D:\re\workspace\8-2-build-windows-amd64-cygwin\jdk8u5\2488\hotspot\src\share\vm\classfile\systemDictionary.cpp, line 191]
Event: 1.490 Thread 0x0000000004c32800 Exception <a 'java/security/PrivilegedActionException'> (0x00000000d5be1138) thrown at [D:\re\workspace\8-2-build-windows-amd64-cygwin\jdk8u5\2488\hotspot\src\share\vm\prims\jvm.cpp, line 1248]
Event: 1.533 Thread 0x0000000004c32800 Exception <a 'java/security/PrivilegedActionException'> (0x00000000d5be5488) thrown at [D:\re\workspace\8-2-build-windows-amd64-cygwin\jdk8u5\2488\hotspot\src\share\vm\prims\jvm.cpp, line 1248]
Event: 1.534 Thread 0x0000000004c32800 Exception <a 'java/security/PrivilegedActionException'> (0x00000000d5beabb0) thrown at [D:\re\workspace\8-2-build-windows-amd64-cygwin\jdk8u5\2488\hotspot\src\share\vm\prims\jvm.cpp, line 1248]
Event: 1.535 Thread 0x0000000004c32800 Exception <a 'java/security/PrivilegedActionException'> (0x00000000d5bf56b0) thrown at [D:\re\workspace\8-2-build-windows-amd64-cygwin\jdk8u5\2488\hotspot\src\share\vm\prims\jvm.cpp, line 1248]
Event: 1.536 Thread 0x0000000004c32800 Exception <a 'java/security/PrivilegedActionException'> (0x00000000d5bfa6d0) thrown at [D:\re\workspace\8-2-build-windows-amd64-cygwin\jdk8u5\2488\hotspot\src\share\vm\prims\jvm.cpp, line 1248]
Event: 1.539 Thread 0x0000000004c32800 Exception <a 'java/security/PrivilegedActionException'> (0x00000000d5a01f00) thrown at [D:\re\workspace\8-2-build-windows-amd64-cygwin\jdk8u5\2488\hotspot\src\share\vm\prims\jvm.cpp, line 1248]
Event: 1.540 Thread 0x0000000004c32800 Exception <a 'java/security/PrivilegedActionException'> (0x00000000d5a07028) thrown at [D:\re\workspace\8-2-build-windows-amd64-cygwin\jdk8u5\2488\hotspot\src\share\vm\prims\jvm.cpp, line 1248]

Events (10 events):
Event: 2.191 Executing VM operation: GetOrSetLocal
Event: 2.191 Executing VM operation: GetOrSetLocal done
Event: 2.440 Executing VM operation: GetCurrentLocation
Event: 2.440 Executing VM operation: GetCurrentLocation done
Event: 2.440 Executing VM operation: EnterInterpOnlyMode
Event: 2.440 Executing VM operation: EnterInterpOnlyMode done
Event: 2.440 Executing VM operation: ChangeSingleStep
Event: 2.440 Executing VM operation: ChangeSingleStep done
Event: 2.443 Executing VM operation: ChangeSingleStep
Event: 2.443 Executing VM operation: ChangeSingleStep done


Dynamic libraries:
0x00007ff75dbb0000 - 0x00007ff75dbe4000 	C:\Program Files\Java\jdk1.8.0_05\bin\javaw.exe
0x00007ffa71d40000 - 0x00007ffa71f20000 	C:\WINDOWS\SYSTEM32\ntdll.dll
0x00007ffa70460000 - 0x00007ffa7050e000 	C:\WINDOWS\System32\KERNEL32.DLL
0x00007ffa6e360000 - 0x00007ffa6e5c6000 	C:\WINDOWS\System32\KERNELBASE.dll
0x00007ffa6f4c0000 - 0x00007ffa6f561000 	C:\WINDOWS\System32\ADVAPI32.dll
0x00007ffa6f830000 - 0x00007ffa6f8cd000 	C:\WINDOWS\System32\msvcrt.dll
0x00007ffa6f7d0000 - 0x00007ffa6f82b000 	C:\WINDOWS\System32\sechost.dll
0x00007ffa6f650000 - 0x00007ffa6f76f000 	C:\WINDOWS\System32\RPCRT4.dll
0x00007ffa6f330000 - 0x00007ffa6f4bf000 	C:\WINDOWS\System32\USER32.dll
0x00007ffa6e340000 - 0x00007ffa6e360000 	C:\WINDOWS\System32\win32u.dll
0x00007ffa6f8d0000 - 0x00007ffa6f8f8000 	C:\WINDOWS\System32\GDI32.dll
0x00007ffa6e140000 - 0x00007ffa6e2d3000 	C:\WINDOWS\System32\gdi32full.dll
0x00007ffa6e920000 - 0x00007ffa6e9bb000 	C:\WINDOWS\System32\msvcp_win.dll
0x00007ffa6f110000 - 0x00007ffa6f206000 	C:\WINDOWS\System32\ucrtbase.dll
0x00007ffa61cd0000 - 0x00007ffa61f39000 	C:\WINDOWS\WinSxS\amd64_microsoft.windows.common-controls_6595b64144ccf1df_6.0.16299.309_none_15cfd4c4935e6b11\COMCTL32.dll
0x00007ffa705c0000 - 0x00007ffa708c8000 	C:\WINDOWS\System32\combase.dll
0x00007ffa6e620000 - 0x00007ffa6e692000 	C:\WINDOWS\System32\bcryptPrimitives.dll
0x00007ffa70170000 - 0x00007ffa7019d000 	C:\WINDOWS\System32\IMM32.DLL
0x000000005e140000 - 0x000000005e212000 	C:\Program Files\Java\jdk1.8.0_05\jre\bin\msvcr100.dll
0x000000005d910000 - 0x000000005e13a000 	C:\Program Files\Java\jdk1.8.0_05\jre\bin\server\jvm.dll
0x00007ffa70000000 - 0x00007ffa70008000 	C:\WINDOWS\System32\PSAPI.DLL
0x00007ffa63a90000 - 0x00007ffa63a99000 	C:\WINDOWS\SYSTEM32\WSOCK32.dll
0x00007ffa6f900000 - 0x00007ffa6f96c000 	C:\WINDOWS\System32\WS2_32.dll
0x00007ffa6c3e0000 - 0x00007ffa6c403000 	C:\WINDOWS\SYSTEM32\WINMM.dll
0x00007ffa6c360000 - 0x00007ffa6c38a000 	C:\WINDOWS\SYSTEM32\WINMMBASE.dll
0x00007ffa6e5d0000 - 0x00007ffa6e61a000 	C:\WINDOWS\System32\cfgmgr32.dll
0x000000005ecf0000 - 0x000000005ecff000 	C:\Program Files\Java\jdk1.8.0_05\jre\bin\verify.dll
0x000000005ecc0000 - 0x000000005ece8000 	C:\Program Files\Java\jdk1.8.0_05\jre\bin\java.dll
0x000000005d8d0000 - 0x000000005d905000 	C:\Program Files\Java\jdk1.8.0_05\jre\bin\jdwp.dll
0x000000005ecb0000 - 0x000000005ecb8000 	C:\Program Files\Java\jdk1.8.0_05\jre\bin\npt.dll
0x000000005ec90000 - 0x000000005eca6000 	C:\Program Files\Java\jdk1.8.0_05\jre\bin\zip.dll
0x00007ffa708d0000 - 0x00007ffa71d06000 	C:\WINDOWS\System32\SHELL32.dll
0x00007ffa70510000 - 0x00007ffa705b6000 	C:\WINDOWS\System32\shcore.dll
0x00007ffa6e9c0000 - 0x00007ffa6f107000 	C:\WINDOWS\System32\windows.storage.dll
0x00007ffa6f770000 - 0x00007ffa6f7c1000 	C:\WINDOWS\System32\shlwapi.dll
0x00007ffa6e0d0000 - 0x00007ffa6e0e1000 	C:\WINDOWS\System32\kernel.appcore.dll
0x00007ffa6e0f0000 - 0x00007ffa6e13c000 	C:\WINDOWS\System32\powrprof.dll
0x00007ffa6e090000 - 0x00007ffa6e0ab000 	C:\WINDOWS\System32\profapi.dll
0x000000005d8c0000 - 0x000000005d8c9000 	C:\Program Files\Java\jdk1.8.0_05\jre\bin\dt_socket.dll
0x00007ffa6ab50000 - 0x00007ffa6ab68000 	C:\WINDOWS\system32\NLAapi.dll
0x00007ffa5d9f0000 - 0x00007ffa5da06000 	C:\WINDOWS\system32\napinsp.dll
0x00007ffa5d830000 - 0x00007ffa5d84a000 	C:\WINDOWS\system32\pnrpnsp.dll
0x00007ffa6d920000 - 0x00007ffa6d986000 	C:\WINDOWS\System32\mswsock.dll
0x00007ffa6d6f0000 - 0x00007ffa6d7a6000 	C:\WINDOWS\SYSTEM32\DNSAPI.dll
0x00007ffa6f320000 - 0x00007ffa6f328000 	C:\WINDOWS\System32\NSI.dll
0x00007ffa6d6b0000 - 0x00007ffa6d6e9000 	C:\WINDOWS\SYSTEM32\IPHLPAPI.DLL
0x00007ffa5dd00000 - 0x00007ffa5dd0e000 	C:\WINDOWS\System32\winrnr.dll
0x000000005f320000 - 0x000000005f346000 	C:\Program Files\Bonjour\mdnsNSP.dll
0x00007ffa682f0000 - 0x00007ffa68360000 	C:\WINDOWS\System32\fwpuclnt.dll
0x00007ffa6dbf0000 - 0x00007ffa6dc15000 	C:\WINDOWS\SYSTEM32\bcrypt.dll
0x00007ffa673f0000 - 0x00007ffa673fa000 	C:\Windows\System32\rasadhlp.dll
0x0000000180000000 - 0x0000000180053000 	D:\Projects\Slick2D\lwjgl-2.9.3\native\windows\lwjgl64.dll
0x00007ffa48a30000 - 0x00007ffa48b4e000 	C:\WINDOWS\SYSTEM32\OPENGL32.dll
0x00007ffa68970000 - 0x00007ffa6897a000 	C:\WINDOWS\SYSTEM32\VERSION.dll
0x00007ffa5f800000 - 0x00007ffa5f82c000 	C:\WINDOWS\SYSTEM32\GLU32.dll
0x00007ffa6c7a0000 - 0x00007ffa6c835000 	C:\WINDOWS\system32\uxtheme.dll
0x00007ffa6fe90000 - 0x00007ffa6fff7000 	C:\WINDOWS\System32\MSCTF.dll
0x00007ffa6f970000 - 0x00007ffa6fa35000 	C:\WINDOWS\System32\OLEAUT32.dll
0x00007ffa6c870000 - 0x00007ffa6c89a000 	C:\WINDOWS\system32\dwmapi.dll
0x000000005b5f0000 - 0x000000005d8b7000 	C:\WINDOWS\SYSTEM32\nvoglv64.DLL
0x00007ffa6fa40000 - 0x00007ffa6fe8e000 	C:\WINDOWS\System32\SETUPAPI.dll
0x00007ffa70020000 - 0x00007ffa70169000 	C:\WINDOWS\System32\ole32.dll
0x00007ffa6add0000 - 0x00007ffa6ade3000 	C:\WINDOWS\SYSTEM32\WTSAPI32.dll
0x00007ffa6dea0000 - 0x00007ffa6dec7000 	C:\WINDOWS\SYSTEM32\DEVOBJ.dll
0x00007ffa6e2e0000 - 0x00007ffa6e338000 	C:\WINDOWS\System32\WINTRUST.dll
0x00007ffa6e0b0000 - 0x00007ffa6e0c2000 	C:\WINDOWS\System32\MSASN1.dll
0x00007ffa6e6a0000 - 0x00007ffa6e86e000 	C:\WINDOWS\System32\CRYPT32.dll
0x00007ffa6d1b0000 - 0x00007ffa6d1e1000 	C:\WINDOWS\SYSTEM32\ntmarta.dll
0x00007ffa59ab0000 - 0x00007ffa59c6d000 	C:\WINDOWS\system32\nvspcap64.dll
0x00007ffa61f60000 - 0x00007ffa61ff8000 	C:\WINDOWS\System32\TextInputFramework.dll
0x00007ffa68450000 - 0x00007ffa6873e000 	C:\WINDOWS\System32\CoreUIComponents.dll
0x00007ffa6bd00000 - 0x00007ffa6bddc000 	C:\WINDOWS\System32\CoreMessaging.dll
0x00007ffa69600000 - 0x00007ffa69736000 	C:\WINDOWS\SYSTEM32\wintypes.dll
0x00007ffa64990000 - 0x00007ffa64a27000 	C:\WINDOWS\SYSTEM32\mscms.dll
0x00007ffa6dfc0000 - 0x00007ffa6dfe9000 	C:\WINDOWS\SYSTEM32\USERENV.dll
0x00007ffa5c990000 - 0x00007ffa5c9d1000 	C:\WINDOWS\SYSTEM32\icm32.dll
0x00007ffa6d3a0000 - 0x00007ffa6d3f5000 	C:\WINDOWS\SYSTEM32\WINSTA.dll
0x000000005b130000 - 0x000000005b2c6000 	C:\Program Files\Java\jdk1.8.0_05\jre\bin\awt.dll
0x00007ffa6c550000 - 0x00007ffa6c5d8000 	C:\WINDOWS\SYSTEM32\apphelp.dll
0x000000001bf10000 - 0x000000001bf26000 	D:\Projects\Slick2D\lwjgl-2.9.3\native\windows\jinput-dx8_64.dll
0x00007ffa5cdc0000 - 0x00007ffa5ce03000 	C:\WINDOWS\SYSTEM32\DINPUT8.dll
0x00007ffa6abe0000 - 0x00007ffa6ac0e000 	C:\WINDOWS\SYSTEM32\inputhost.dll
0x00007ffa6d380000 - 0x00007ffa6d38c000 	C:\WINDOWS\SYSTEM32\HID.DLL
0x00000000237d0000 - 0x00000000237e4000 	D:\Projects\Slick2D\lwjgl-2.9.3\native\windows\jinput-raw_64.dll
0x00007ffa5d660000 - 0x00007ffa5d828000 	C:\WINDOWS\SYSTEM32\dbghelp.dll

VM Arguments:
jvm_args: -agentlib:jdwp=transport=dt_socket,suspend=y,address=localhost:56344 -Djava.library.path=D:\Projects\Slick2D\lwjgl-2.9.3\native\windows -Dfile.encoding=Cp1252 
java_command: app.Game
java_class_path (initial): C:\Program Files\Java\jdk1.8.0_05\jre\lib\resources.jar;C:\Program Files\Java\jdk1.8.0_05\jre\lib\rt.jar;C:\Program Files\Java\jdk1.8.0_05\jre\lib\jsse.jar;C:\Program Files\Java\jdk1.8.0_05\jre\lib\jce.jar;C:\Program Files\Java\jdk1.8.0_05\jre\lib\charsets.jar;C:\Program Files\Java\jdk1.8.0_05\jre\lib\jfr.jar;C:\Program Files\Java\jdk1.8.0_05\jre\lib\ext\access-bridge-64.jar;C:\Program Files\Java\jdk1.8.0_05\jre\lib\ext\cldrdata.jar;C:\Program Files\Java\jdk1.8.0_05\jre\lib\ext\dnsns.jar;C:\Program Files\Java\jdk1.8.0_05\jre\lib\ext\jaccess.jar;C:\Program Files\Java\jdk1.8.0_05\jre\lib\ext\jfxrt.jar;C:\Program Files\Java\jdk1.8.0_05\jre\lib\ext\localedata.jar;C:\Program Files\Java\jdk1.8.0_05\jre\lib\ext\nashorn.jar;C:\Program Files\Java\jdk1.8.0_05\jre\lib\ext\sunec.jar;C:\Program Files\Java\jdk1.8.0_05\jre\lib\ext\sunjce_provider.jar;C:\Program Files\Java\jdk1.8.0_05\jre\lib\ext\sunmscapi.jar;C:\Program Files\Java\jdk1.8.0_05\jre\lib\ext\sunpkcs11.jar;C:\Program Files\Java\jdk1.8.0_05\jre\lib\ext\zipfs.jar;D:\Projects\workspace\gravity\bin;D:\Projects\Slick2D\slick\lib\jinput.jar;D:\Projects\Slick2D\slick\lib\lwjgl.jar;D:\Projects\Slick2D\slick\lib\lwjgl_util.jar;D:\Projects\Slick2D\slick\lib\slick.jar
Launcher Type: SUN_STANDARD

Environment Variables:
PATH=C:\Program Files\Java\jdk1.8.0_05\jre\bin;C:\Program Files (x86)\NVIDIA Corporation\PhysX\Common;C:\ProgramData\Oracle\Java\javapath;C:\Program Files\Common Files\Microsoft Shared\Windows Live;C:\Program Files (x86)\Common Files\Microsoft Shared\Windows Live;C:\Windows\system32;C:\Windows;C:\Windows\System32\Wbem;C:\Windows\System32\WindowsPowerShell\v1.0\;D:\Program Files\MiKTeX 2.9\miktex\bin\x64\;C:\Program Files (x86)\Java\jre7\bin;C:\Program Files (x86)\Windows Live\Shared;C:\Program Files\Calibre2\;C:\Program Files (x86)\Skype\Phone\;C:\WINDOWS\system32;C:\WINDOWS;C:\WINDOWS\System32\Wbem;C:\WINDOWS\System32\WindowsPowerShell\v1.0\;C:\Program Files (x86)\GtkSharp\2.12\bin;C:\Users\chris\.lein\bin;C:\Program Files\Java\jdk1.8.0_05\bin;C:\Python34\Scripts;C:\Users\chris\AppData\Local\Microsoft\WindowsApps;C:\Users\chris\AppData\Local\GitHubDesktop\bin;
USERNAME=chris
OS=Windows_NT
PROCESSOR_IDENTIFIER=Intel64 Family 6 Model 60 Stepping 3, GenuineIntel



---------------  S Y S T E M  ---------------

OS: Windows 8.1 , 64 bit Build 9600 

CPU:total 4 (4 cores per cpu, 1 threads per core) family 6 model 60 stepping 3, cmov, cx8, fxsr, mmx, sse, sse2, sse3, ssse3, sse4.1, sse4.2, popcnt, avx, avx2, aes, clmul, erms, tsc, tscinvbit

Memory: 4k page, physical 8324840k(1262636k free), swap 16713448k(7327596k free)

vm_info: Java HotSpot(TM) 64-Bit Server VM (25.5-b02) for windows-amd64 JRE (1.8.0_05-b13), built on Mar 18 2014 01:08:39 by "java_re" with MS VC++ 10.0 (VS2010)

time: Sun Mar 25 11:35:29 2018
elapsed time: 2 seconds

